C:\DEV\PROJECTS\ZION\NEO\WORLDSTUDIO\DEBUG\VC110.PDB
C:\DEV\PROJECTS\ZION\NEO\WORLDSTUDIO\DEBUG\AUTOCAULK.OBJ
C:\DEV\PROJECTS\ZION\NEO\WORLDSTUDIO\DEBUG\WORLDSTUDIO.PCH
C:\DEV\PROJECTS\ZION\NEO\WORLDSTUDIO\DEBUG\PRECOMPILED.OBJ
C:\DEV\PROJECTS\ZION\NEO\WORLDSTUDIO\DEBUG\CAMERATARGETDLG.OBJ
C:\DEV\PROJECTS\ZION\NEO\WORLDSTUDIO\DEBUG\CAMWND.OBJ
C:\DEV\PROJECTS\ZION\NEO\WORLDSTUDIO\DEBUG\CAPDIALOG.OBJ
C:\DEV\PROJECTS\ZION\NEO\WORLDSTUDIO\DEBUG\COMMANDSDLG.OBJ
C:\DEV\PROJECTS\ZION\NEO\WORLDSTUDIO\DEBUG\COMMENTSDLG.OBJ
C:\DEV\PROJECTS\ZION\NEO\WORLDSTUDIO\DEBUG\CONSOLEDLG.OBJ
C:\DEV\PROJECTS\ZION\NEO\WORLDSTUDIO\DEBUG\CSG.OBJ
C:\DEV\PROJECTS\ZION\NEO\WORLDSTUDIO\DEBUG\CURVEDLG.OBJ
C:\DEV\PROJECTS\ZION\NEO\WORLDSTUDIO\DEBUG\DIALOGINFO.OBJ
C:\DEV\PROJECTS\ZION\NEO\WORLDSTUDIO\DEBUG\DIALOGTEXTURES.OBJ
C:\DEV\PROJECTS\ZION\NEO\WORLDSTUDIO\DEBUG\DIALOGTHICK.OBJ
C:\DEV\PROJECTS\ZION\NEO\WORLDSTUDIO\DEBUG\DLGCAMERA.OBJ
C:\DEV\PROJECTS\ZION\NEO\WORLDSTUDIO\DEBUG\DLGEVENT.OBJ
C:\DEV\PROJECTS\ZION\NEO\WORLDSTUDIO\DEBUG\QE3.OBJ
C:\DEV\PROJECTS\ZION\NEO\WORLDSTUDIO\DEBUG\ROTATEDLG.OBJ
C:\DEV\PROJECTS\ZION\NEO\WORLDSTUDIO\DEBUG\SCALEDIALOG.OBJ
C:\DEV\PROJECTS\ZION\NEO\WORLDSTUDIO\DEBUG\SURFACEDLG.OBJ
C:\DEV\PROJECTS\ZION\NEO\WORLDSTUDIO\DEBUG\TABSDLG.OBJ
C:\DEV\PROJECTS\ZION\NEO\WORLDSTUDIO\DEBUG\TEAROFFCONTAINERWINDOW.OBJ
C:\DEV\PROJECTS\ZION\NEO\WORLDSTUDIO\DEBUG\TEXTUREBAR.OBJ
C:\DEV\PROJECTS\ZION\NEO\WORLDSTUDIO\DEBUG\VERTSEL.OBJ
C:\DEV\PROJECTS\ZION\NEO\WORLDSTUDIO\DEBUG\WAITDLG.OBJ
C:\DEV\PROJECTS\ZION\NEO\WORLDSTUDIO\DEBUG\WAVEOPEN.OBJ
C:\DEV\PROJECTS\ZION\NEO\WORLDSTUDIO\DEBUG\WIN_DLG.OBJ
C:\DEV\PROJECTS\ZION\NEO\WORLDSTUDIO\DEBUG\WIN_QE3.OBJ
C:\DEV\PROJECTS\ZION\NEO\WORLDSTUDIO\DEBUG\Z.OBJ
C:\DEV\PROJECTS\ZION\NEO\WORLDSTUDIO\DEBUG\ZCLIP.OBJ
C:\DEV\PROJECTS\ZION\NEO\WORLDSTUDIO\DEBUG\ZWND.OBJ
C:\DEV\PROJECTS\ZION\NEO\WORLDSTUDIO\DEBUG\ENTKEYFINDREPLACE.OBJ
C:\DEV\PROJECTS\ZION\NEO\WORLDSTUDIO\DEBUG\FINDTEXTUREDLG.OBJ
C:\DEV\PROJECTS\ZION\NEO\WORLDSTUDIO\DEBUG\GETSTRING.OBJ
C:\DEV\PROJECTS\ZION\NEO\WORLDSTUDIO\DEBUG\INSPECTORDIALOG.OBJ
C:\DEV\PROJECTS\ZION\NEO\WORLDSTUDIO\DEBUG\MAPINFO.OBJ
C:\DEV\PROJECTS\ZION\NEO\WORLDSTUDIO\DEBUG\MEDIAPREVIEWDLG.OBJ
C:\DEV\PROJECTS\ZION\NEO\WORLDSTUDIO\DEBUG\NEWPROJDLG.OBJ
C:\DEV\PROJECTS\ZION\NEO\WORLDSTUDIO\DEBUG\PARSE.OBJ
C:\DEV\PROJECTS\ZION\NEO\WORLDSTUDIO\DEBUG\PATCHDENSITYDLG.OBJ
C:\DEV\PROJECTS\ZION\NEO\WORLDSTUDIO\DEBUG\PATCHDIALOG.OBJ
C:\DEV\PROJECTS\ZION\NEO\WORLDSTUDIO\DEBUG\POINTFILE.OBJ
C:\DEV\PROJECTS\ZION\NEO\WORLDSTUDIO\DEBUG\PROPERTYLIST.OBJ
C:\DEV\PROJECTS\ZION\NEO\WORLDSTUDIO\DEBUG\CMDLIB.OBJ
C:\DEV\PROJECTS\ZION\NEO\WORLDSTUDIO\DEBUG\DRAG.OBJ
C:\DEV\PROJECTS\ZION\NEO\WORLDSTUDIO\DEBUG\EDITORENTITY.OBJ
C:\DEV\PROJECTS\ZION\NEO\WORLDSTUDIO\DEBUG\EDITVIEWDLG.OBJ
C:\DEV\PROJECTS\ZION\NEO\WORLDSTUDIO\DEBUG\ENTITYDLG.OBJ
C:\DEV\PROJECTS\ZION\NEO\WORLDSTUDIO\DEBUG\ENTITYLISTDLG.OBJ
C:\DEV\PROJECTS\ZION\NEO\WORLDSTUDIO\DEBUG\RADIANT.OBJ
C:\DEV\PROJECTS\ZION\NEO\WORLDSTUDIO\DEBUG\SPLINES.OBJ
C:\DEV\PROJECTS\ZION\NEO\WORLDSTUDIO\DEBUG\GLWIDGET.OBJ
C:\DEV\PROJECTS\ZION\NEO\WORLDSTUDIO\DEBUG\MAINFRM.OBJ
C:\DEV\PROJECTS\ZION\NEO\WORLDSTUDIO\DEBUG\NEWTEXWND.OBJ
C:\DEV\PROJECTS\ZION\NEO\WORLDSTUDIO\DEBUG\PREVIEWDLG.OBJ
C:\DEV\PROJECTS\ZION\NEO\WORLDSTUDIO\DEBUG\ECLASS.OBJ
C:\DEV\PROJECTS\ZION\NEO\WORLDSTUDIO\DEBUG\EDITORBRUSHPRIMIT.OBJ
C:\DEV\PROJECTS\ZION\NEO\WORLDSTUDIO\DEBUG\EDITORMAP.OBJ
C:\DEV\PROJECTS\ZION\NEO\WORLDSTUDIO\DEBUG\EDITORBRUSH.OBJ
C:\DEV\PROJECTS\ZION\NEO\WORLDSTUDIO\DEBUG\SELECT.OBJ
C:\DEV\PROJECTS\ZION\NEO\WORLDSTUDIO\DEBUG\XYWND.OBJ
C:\DEV\PROJECTS\ZION\NEO\WORLDSTUDIO\DEBUG\UNDO.OBJ
C:\DEV\PROJECTS\ZION\NEO\WORLDSTUDIO\DEBUG\ALPHAPOPUP.OBJ
C:\DEV\PROJECTS\ZION\NEO\WORLDSTUDIO\DEBUG\COLORBUTTON.OBJ
C:\DEV\PROJECTS\ZION\NEO\WORLDSTUDIO\DEBUG\MASKEDIT.OBJ
C:\DEV\PROJECTS\ZION\NEO\WORLDSTUDIO\DEBUG\OPENFILEDIALOG.OBJ
C:\DEV\PROJECTS\ZION\NEO\WORLDSTUDIO\DEBUG\PROPTREE.OBJ
C:\DEV\PROJECTS\ZION\NEO\WORLDSTUDIO\DEBUG\PROPERTYGRID.OBJ
C:\DEV\PROJECTS\ZION\NEO\WORLDSTUDIO\DEBUG\PROPTREEINFO.OBJ
C:\DEV\PROJECTS\ZION\NEO\WORLDSTUDIO\DEBUG\PROPTREEITEM.OBJ
C:\DEV\PROJECTS\ZION\NEO\WORLDSTUDIO\DEBUG\PROPTREEITEMBUTTON.OBJ
C:\DEV\PROJECTS\ZION\NEO\WORLDSTUDIO\DEBUG\PROPTREEITEMCHECK.OBJ
C:\DEV\PROJECTS\ZION\NEO\WORLDSTUDIO\DEBUG\PROPTREEITEMCOLOR.OBJ
C:\DEV\PROJECTS\ZION\NEO\WORLDSTUDIO\DEBUG\PROPTREEITEMCOMBO.OBJ
C:\DEV\PROJECTS\ZION\NEO\WORLDSTUDIO\DEBUG\PROPTREEITEMEDIT.OBJ
C:\DEV\PROJECTS\ZION\NEO\WORLDSTUDIO\DEBUG\PROPTREEITEMEDITBUTTON.OBJ
C:\DEV\PROJECTS\ZION\NEO\WORLDSTUDIO\DEBUG\PROPTREEITEMFILEEDIT.OBJ
C:\DEV\PROJECTS\ZION\NEO\WORLDSTUDIO\DEBUG\PROPTREEITEMSTATIC.OBJ
C:\DEV\PROJECTS\ZION\NEO\WORLDSTUDIO\DEBUG\PROPTREELIST.OBJ
C:\DEV\PROJECTS\ZION\NEO\WORLDSTUDIO\DEBUG\PROPTREEVIEW.OBJ
C:\DEV\PROJECTS\ZION\NEO\WORLDSTUDIO\DEBUG\REGISTRYOPTIONS.OBJ
C:\DEV\PROJECTS\ZION\NEO\WORLDSTUDIO\DEBUG\ROLLUPPANEL.OBJ
C:\DEV\PROJECTS\ZION\NEO\WORLDSTUDIO\DEBUG\SPINBUTTON.OBJ
C:\DEV\PROJECTS\ZION\NEO\WORLDSTUDIO\DEBUG\CDIB.OBJ
C:\DEV\PROJECTS\ZION\NEO\WORLDSTUDIO\DEBUG\CPATHTREECTRL.OBJ
C:\DEV\PROJECTS\ZION\NEO\WORLDSTUDIO\DEBUG\CSYNTAXRICHEDITCTRL.OBJ
C:\DEV\PROJECTS\ZION\NEO\WORLDSTUDIO\DEBUG\DIALOGCOLORPICKER.OBJ
C:\DEV\PROJECTS\ZION\NEO\WORLDSTUDIO\DEBUG\DIALOGGOTOLINE.OBJ
C:\DEV\PROJECTS\ZION\NEO\WORLDSTUDIO\DEBUG\DIALOGNAME.OBJ
C:\DEV\PROJECTS\ZION\NEO\WORLDSTUDIO\DEBUG\STDAFX.OBJ
C:\DEV\PROJECTS\ZION\NEO\WORLDSTUDIO\DEBUG\VECTORCTL.OBJ
C:\DEV\PROJECTS\ZION\NEO\WORLDSTUDIO\DEBUG\LIGHTDLG.OBJ
C:\DEV\PROJECTS\ZION\NEO\WORLDSTUDIO\DEBUG\PMESH.OBJ
C:\DEV\PROJECTS\ZION\NEO\WORLDSTUDIO\DEBUG\PREFSDLG.OBJ
C:\DEV\PROJECTS\ZION\NEO\DEBUG\WORLDSTUDIO.LIB
C:\dev\projects\Zion\neo\WorldStudio\Debug\AlphaPopup.obj
C:\dev\projects\Zion\neo\WorldStudio\Debug\autocaulk.obj
C:\dev\projects\Zion\neo\WorldStudio\Debug\CameraTargetDlg.obj
C:\dev\projects\Zion\neo\WorldStudio\Debug\CamWnd.obj
C:\dev\projects\Zion\neo\WorldStudio\Debug\CapDialog.obj
C:\dev\projects\Zion\neo\WorldStudio\Debug\CDIB.obj
C:\dev\projects\Zion\neo\WorldStudio\Debug\cmdlib.obj
C:\dev\projects\Zion\neo\WorldStudio\Debug\ColorButton.obj
C:\dev\projects\Zion\neo\WorldStudio\Debug\CommandsDlg.obj
C:\dev\projects\Zion\neo\WorldStudio\Debug\CommentsDlg.obj
C:\dev\projects\Zion\neo\WorldStudio\Debug\ConsoleDlg.obj
C:\dev\projects\Zion\neo\WorldStudio\Debug\CPathTreeCtrl.obj
C:\dev\projects\Zion\neo\WorldStudio\Debug\CSG.obj
C:\dev\projects\Zion\neo\WorldStudio\Debug\CSyntaxRichEditCtrl.obj
C:\dev\projects\Zion\neo\WorldStudio\Debug\CurveDlg.obj
C:\dev\projects\Zion\neo\WorldStudio\Debug\DialogColorPicker.obj
C:\dev\projects\Zion\neo\WorldStudio\Debug\DialogGoToLine.obj
C:\dev\projects\Zion\neo\WorldStudio\Debug\DialogInfo.obj
C:\dev\projects\Zion\neo\WorldStudio\Debug\DialogName.obj
C:\dev\projects\Zion\neo\WorldStudio\Debug\DialogTextures.obj
C:\dev\projects\Zion\neo\WorldStudio\Debug\DialogThick.obj
C:\dev\projects\Zion\neo\WorldStudio\Debug\DlgCamera.obj
C:\dev\projects\Zion\neo\WorldStudio\Debug\DlgEvent.obj
C:\dev\projects\Zion\neo\WorldStudio\Debug\DRAG.obj
C:\dev\projects\Zion\neo\WorldStudio\Debug\ECLASS.obj
C:\dev\projects\Zion\neo\WorldStudio\Debug\EditorBrush.obj
C:\dev\projects\Zion\neo\WorldStudio\Debug\EditorBrushPrimit.obj
C:\dev\projects\Zion\neo\WorldStudio\Debug\EditorEntity.obj
C:\dev\projects\Zion\neo\WorldStudio\Debug\EditorMap.obj
C:\dev\projects\Zion\neo\WorldStudio\Debug\EditViewDlg.obj
C:\dev\projects\Zion\neo\WorldStudio\Debug\EntityDlg.obj
C:\dev\projects\Zion\neo\WorldStudio\Debug\EntityListDlg.obj
C:\dev\projects\Zion\neo\WorldStudio\Debug\EntKeyFindReplace.obj
C:\dev\projects\Zion\neo\WorldStudio\Debug\FindTextureDlg.obj
C:\dev\projects\Zion\neo\WorldStudio\Debug\GetString.obj
C:\dev\projects\Zion\neo\WorldStudio\Debug\GLWidget.obj
C:\dev\projects\Zion\neo\WorldStudio\Debug\InspectorDialog.obj
C:\dev\projects\Zion\neo\WorldStudio\Debug\LightDlg.obj
C:\dev\projects\Zion\neo\WorldStudio\Debug\MainFrm.obj
C:\dev\projects\Zion\neo\WorldStudio\Debug\MapInfo.obj
C:\dev\projects\Zion\neo\WorldStudio\Debug\MaskEdit.obj
C:\dev\projects\Zion\neo\WorldStudio\Debug\MediaPreviewDlg.obj
C:\dev\projects\Zion\neo\WorldStudio\Debug\MRU.obj
C:\dev\projects\Zion\neo\WorldStudio\Debug\NewProjDlg.obj
C:\dev\projects\Zion\neo\WorldStudio\Debug\NewTexWnd.obj
C:\dev\projects\Zion\neo\WorldStudio\Debug\OpenFileDialog.obj
C:\dev\projects\Zion\neo\WorldStudio\Debug\PARSE.obj
C:\dev\projects\Zion\neo\WorldStudio\Debug\PatchDensityDlg.obj
C:\dev\projects\Zion\neo\WorldStudio\Debug\PatchDialog.obj
C:\dev\projects\Zion\neo\WorldStudio\Debug\PMESH.obj
C:\dev\projects\Zion\neo\WorldStudio\Debug\PointFile.obj
C:\dev\projects\Zion\neo\WorldStudio\Debug\precompiled.obj
C:\dev\projects\Zion\neo\WorldStudio\Debug\PrefsDlg.obj
C:\dev\projects\Zion\neo\WorldStudio\Debug\PreviewDlg.obj
C:\dev\projects\Zion\neo\WorldStudio\Debug\PropertyGrid.obj
C:\dev\projects\Zion\neo\WorldStudio\Debug\PropertyList.obj
C:\dev\projects\Zion\neo\WorldStudio\Debug\PropTree.obj
C:\dev\projects\Zion\neo\WorldStudio\Debug\PropTreeInfo.obj
C:\dev\projects\Zion\neo\WorldStudio\Debug\PropTreeItem.obj
C:\dev\projects\Zion\neo\WorldStudio\Debug\PropTreeItemButton.obj
C:\dev\projects\Zion\neo\WorldStudio\Debug\PropTreeItemCheck.obj
C:\dev\projects\Zion\neo\WorldStudio\Debug\PropTreeItemColor.obj
C:\dev\projects\Zion\neo\WorldStudio\Debug\PropTreeItemCombo.obj
C:\dev\projects\Zion\neo\WorldStudio\Debug\PropTreeItemEdit.obj
C:\dev\projects\Zion\neo\WorldStudio\Debug\PropTreeItemEditButton.obj
C:\dev\projects\Zion\neo\WorldStudio\Debug\PropTreeItemFileEdit.obj
C:\dev\projects\Zion\neo\WorldStudio\Debug\PropTreeItemStatic.obj
C:\dev\projects\Zion\neo\WorldStudio\Debug\PropTreeList.obj
C:\dev\projects\Zion\neo\WorldStudio\Debug\PropTreeView.obj
C:\dev\projects\Zion\neo\WorldStudio\Debug\QE3.obj
C:\dev\projects\Zion\neo\WorldStudio\Debug\Radiant.obj
C:\dev\projects\Zion\neo\WorldStudio\Debug\RegistryOptions.obj
C:\dev\projects\Zion\neo\WorldStudio\Debug\RollupPanel.obj
C:\dev\projects\Zion\neo\WorldStudio\Debug\RotateDlg.obj
C:\dev\projects\Zion\neo\WorldStudio\Debug\ScaleDialog.obj
C:\dev\projects\Zion\neo\WorldStudio\Debug\SELECT.obj
C:\dev\projects\Zion\neo\WorldStudio\Debug\SpinButton.obj
C:\dev\projects\Zion\neo\WorldStudio\Debug\splines.obj
C:\dev\projects\Zion\neo\WorldStudio\Debug\StdAfx.obj
C:\dev\projects\Zion\neo\WorldStudio\Debug\SurfaceDlg.obj
C:\dev\projects\Zion\neo\WorldStudio\Debug\TabsDlg.obj
C:\dev\projects\Zion\neo\WorldStudio\Debug\TearoffContainerWindow.obj
C:\dev\projects\Zion\neo\WorldStudio\Debug\TextureBar.obj
C:\dev\projects\Zion\neo\WorldStudio\Debug\Undo.obj
C:\dev\projects\Zion\neo\WorldStudio\Debug\VectorCtl.obj
C:\dev\projects\Zion\neo\WorldStudio\Debug\VERTSEL.obj
C:\dev\projects\Zion\neo\WorldStudio\Debug\WaitDlg.obj
C:\dev\projects\Zion\neo\WorldStudio\Debug\WaveOpen.obj
C:\dev\projects\Zion\neo\WorldStudio\Debug\WIN_DLG.obj
C:\dev\projects\Zion\neo\WorldStudio\Debug\WIN_QE3.obj
C:\dev\projects\Zion\neo\WorldStudio\Debug\XYWnd.obj
C:\dev\projects\Zion\neo\WorldStudio\Debug\Z.obj
C:\dev\projects\Zion\neo\WorldStudio\Debug\ZClip.obj
C:\dev\projects\Zion\neo\WorldStudio\Debug\ZWnd.obj
C:\dev\projects\Zion\neo\WorldStudio\Debug\cl.command.1.tlog
C:\dev\projects\Zion\neo\WorldStudio\Debug\CL.read.1.tlog
C:\dev\projects\Zion\neo\WorldStudio\Debug\CL.write.1.tlog
C:\dev\projects\Zion\neo\WorldStudio\Debug\Lib-link.read.1.tlog
C:\dev\projects\Zion\neo\WorldStudio\Debug\Lib-link.write.1.tlog
C:\dev\projects\Zion\neo\WorldStudio\Debug\lib.command.1.tlog
C:\dev\projects\Zion\neo\WorldStudio\Debug\WorldStudio.pch
C:\dev\projects\Zion\neo\WorldStudio\Debug\vc110.idb
C:\dev\projects\Zion\neo\WorldStudio\Debug\vc110.pdb
C:\dev\projects\Zion\neo\Debug\WorldStudio.lib
